<?xml version="1.0" encoding="UTF-8"?>
<!-- Generated by org.testng.reporters.JUnitXMLReporter -->
<testsuite ignored="0" hostname="DESKTOP-78MMKGL" failures="0" tests="11" name="Surefire test" time="0.052" errors="0" timestamp="2020-06-19T13:49:37 EDT">
  <testcase classname="socialMedia.FaceBookTest" name="LoginTest1" time="0.004"/>
  <testcase classname="socialMedia.FaceBookTest" name="LoginTest2" time="0.0"/>
  <testcase classname="socialMedia.FaceBookTest" name="LoginTest3" time="0.0"/>
  <testcase classname="socialMedia.FaceBookTest" name="LoginTest4" time="0.0"/>
  <testcase classname="socialMedia.MySpaceTest" name="Test1" time="0.0"/>
  <testcase classname="socialMedia.MySpaceTest" name="Test2" time="0.0"/>
  <testcase classname="socialMedia.MySpaceTest" name="Test3" time="0.0"/>
  <testcase classname="socialMedia.TwitterTest" name="LoginTest1" time="0.0"/>
  <testcase classname="socialMedia.TwitterTest" name="LoginTest2" time="0.0"/>
  <testcase classname="socialMedia.TwitterTest" name="LoginTest3" time="0.001"/>
  <testcase classname="socialMedia.TwitterTest" name="LoginTest4" time="0.0"/>
</testsuite> <!-- Surefire test -->
