<?xml version="1.0" encoding="UTF-8"?>
<!-- Generated by org.testng.reporters.JUnitXMLReporter -->
<testsuite ignored="0" hostname="DESKTOP-78MMKGL" failures="0" tests="4" name="Default test" time="0.081" errors="0" timestamp="2020-06-24T00:52:36 EDT">
  <testcase classname="socialMedia.TwitterTest" name="LoginTest1" time="0.013"/>
  <testcase classname="socialMedia.TwitterTest" name="LoginTest2" time="0.002"/>
  <testcase classname="socialMedia.TwitterTest" name="LoginTest3" time="0.003"/>
  <testcase classname="socialMedia.TwitterTest" name="LoginTest4" time="0.003"/>
</testsuite> <!-- Default test -->
