<?xml version="1.0" encoding="UTF-8"?>
<!-- Generated by org.testng.reporters.JUnitXMLReporter -->
<testsuite ignored="0" hostname="DESKTOP-78MMKGL" failures="0" tests="4" name="Functional Test" time="0.086" errors="0" timestamp="2020-06-20T18:52:41 EDT">
  <testcase classname="socialMedia.TwitterTest" name="LoginTest1" time="0.019"/>
  <testcase classname="socialMedia.TwitterTest" name="LoginTest2" time="0.001"/>
  <testcase classname="socialMedia.TwitterTest" name="LoginTest3" time="0.001"/>
  <testcase classname="socialMedia.TwitterTest" name="LoginTest4" time="0.001"/>
</testsuite> <!-- Functional Test -->
