<?xml version="1.0" encoding="UTF-8"?>
<!-- Generated by org.testng.reporters.JUnitXMLReporter -->
<testsuite ignored="0" hostname="DESKTOP-78MMKGL" failures="0" tests="15" name="Regression Test" time="0.102" errors="0" timestamp="2020-06-19T14:52:58 EDT">
  <testcase classname="socialMedia.MyWhatsUpTest" name="LoginTest1" time="0.011"/>
  <testcase classname="socialMedia.MyWhatsUpTest" name="LoginTest2" time="0.002"/>
  <testcase classname="socialMedia.MyWhatsUpTest" name="LoginTest3" time="0.003"/>
  <testcase classname="socialMedia.MyWhatsUpTest" name="LoginTest4" time="0.001"/>
  <testcase classname="socialMedia.FaceBookTest" name="LoginTest1" time="0.001"/>
  <testcase classname="socialMedia.FaceBookTest" name="LoginTest2" time="0.001"/>
  <testcase classname="socialMedia.FaceBookTest" name="LoginTest3" time="0.002"/>
  <testcase classname="socialMedia.FaceBookTest" name="LoginTest4" time="0.001"/>
  <testcase classname="socialMedia.TwitterTest" name="LoginTest1" time="0.001"/>
  <testcase classname="socialMedia.TwitterTest" name="LoginTest2" time="0.001"/>
  <testcase classname="socialMedia.TwitterTest" name="LoginTest3" time="0.002"/>
  <testcase classname="socialMedia.TwitterTest" name="LoginTest4" time="0.001"/>
  <testcase classname="socialMedia.MySpaceTest" name="Test1" time="0.001"/>
  <testcase classname="socialMedia.MySpaceTest" name="Test2" time="0.001"/>
  <testcase classname="socialMedia.MySpaceTest" name="Test3" time="0.001"/>
</testsuite> <!-- Regression Test -->
