<?xml version="1.0" encoding="UTF-8"?>
<!-- Generated by org.testng.reporters.JUnitXMLReporter -->
<testsuite ignored="0" hostname="DESKTOP-78MMKGL" failures="0" tests="4" name="Functional Test" time="0.062" errors="0" timestamp="2020-06-28T10:36:39 EDT">
  <testcase classname="socialMedia.TwitterTest" name="LoginTest1" time="0.0"/>
  <testcase classname="socialMedia.TwitterTest" name="LoginTest2" time="0.0"/>
  <testcase classname="socialMedia.TwitterTest" name="LoginTest3" time="0.0"/>
  <testcase classname="socialMedia.TwitterTest" name="LoginTest4" time="0.0"/>
</testsuite> <!-- Functional Test -->
