<?xml version="1.0" encoding="UTF-8"?>
<testsuite xmlns:xsi="http://www.w3.org/2001/XMLSchema-instance" xsi:noNamespaceSchemaLocation="https://maven.apache.org/surefire/maven-surefire-plugin/xsd/surefire-test-report-3.0.xsd" version="3.0" name="TestSuite" time="0.531" tests="15" errors="0" skipped="0" failures="0">
  <properties>
[...]
</properties>
  <testcase name="LoginTest1" classname="socialMedia.MyWhatsUpTest" time="0.016"/>
  <testcase name="LoginTest2" classname="socialMedia.MyWhatsUpTest" time="0"/>
  <testcase name="LoginTest3" classname="socialMedia.MyWhatsUpTest" time="0"/>
  <testcase name="LoginTest4" classname="socialMedia.MyWhatsUpTest" time="0"/>
  <testcase name="LoginTest1" classname="socialMedia.FaceBookTest" time="0"/>
  <testcase name="LoginTest2" classname="socialMedia.FaceBookTest" time="0"/>
  <testcase name="LoginTest3" classname="socialMedia.FaceBookTest" time="0"/>
  <testcase name="LoginTest4" classname="socialMedia.FaceBookTest" time="0"/>
  <testcase name="LoginTest1" classname="socialMedia.TwitterTest" time="0"/>
  <testcase name="LoginTest2" classname="socialMedia.TwitterTest" time="0"/>
  <testcase name="LoginTest3" classname="socialMedia.TwitterTest" time="0"/>
  <testcase name="LoginTest4" classname="socialMedia.TwitterTest" time="0"/>
  <testcase name="Test1" classname="socialMedia.MySpaceTest" time="0"/>
  <testcase name="Test2" classname="socialMedia.MySpaceTest" time="0"/>
  <testcase name="Test3" classname="socialMedia.MySpaceTest" time="0"/>
</testsuite>