<?xml version="1.0" encoding="UTF-8"?>
<testng-results ignored="0" total="4" passed="4" failed="0" skipped="0">
  <reporter-output>
  </reporter-output>
  <suite started-at="2020-06-24T00:52:36 EDT" name="Default suite" finished-at="2020-06-24T00:52:36 EDT" duration-ms="81">
    <groups>
    </groups>
    <test started-at="2020-06-24T00:52:36 EDT" name="Default test" finished-at="2020-06-24T00:52:36 EDT" duration-ms="81">
      <class name="socialMedia.TwitterTest">
        <test-method signature="LoginTest1()[pri:0, instance:socialMedia.TwitterTest@60704c]" started-at="2020-06-24T00:52:36 EDT" name="LoginTest1" finished-at="2020-06-24T00:52:36 EDT" duration-ms="13" status="PASS">
          <reporter-output>
          </reporter-output>
        </test-method> <!-- LoginTest1 -->
        <test-method signature="LoginTest2()[pri:0, instance:socialMedia.TwitterTest@60704c]" started-at="2020-06-24T00:52:36 EDT" name="LoginTest2" finished-at="2020-06-24T00:52:36 EDT" duration-ms="2" status="PASS">
          <reporter-output>
          </reporter-output>
        </test-method> <!-- LoginTest2 -->
        <test-method signature="LoginTest3()[pri:0, instance:socialMedia.TwitterTest@60704c]" started-at="2020-06-24T00:52:36 EDT" name="LoginTest3" finished-at="2020-06-24T00:52:36 EDT" duration-ms="3" status="PASS">
          <reporter-output>
          </reporter-output>
        </test-method> <!-- LoginTest3 -->
        <test-method signature="LoginTest4()[pri:0, instance:socialMedia.TwitterTest@60704c]" started-at="2020-06-24T00:52:36 EDT" name="LoginTest4" finished-at="2020-06-24T00:52:36 EDT" duration-ms="3" status="PASS">
          <reporter-output>
          </reporter-output>
        </test-method> <!-- LoginTest4 -->
      </class> <!-- socialMedia.TwitterTest -->
    </test> <!-- Default test -->
  </suite> <!-- Default suite -->
</testng-results>
